2015-04-29 14:17:41 weka.gui.GUIChooser main
INFO: Logging started
---Registering Weka Editors---
Trying to add database driver (JDBC): jdbc.idbDriver - Error, not in CLASSPATH?
2015-04-29 14:17:45 weka.gui.explorer.Explorer <init>
INFO: Weka Explorer
2015-04-29 14:17:45 weka.gui.explorer.Explorer <init>
INFO: (c) 1999-2014 The University of Waikato, Hamilton, New Zealand
2015-04-29 14:17:45 weka.gui.explorer.Explorer <init>
INFO: web: http://www.cs.waikato.ac.nz/~ml/weka/
2015-04-29 14:17:45 weka.gui.explorer.Explorer <init>
INFO: Started on Wednesday, 29 April 2015
2015-04-29 14:19:17 weka.gui.explorer.PreprocessPanel$15 run
INFO: Command: weka.filters.unsupervised.attribute.NumericToNominal -R first-last
2015-04-29 14:19:46 weka.gui.explorer.PreprocessPanel$15 run
INFO: Command: weka.filters.unsupervised.instance.Randomize -S 42
2015-04-29 14:21:03 weka.gui.explorer.Explorer <init>
INFO: Weka Explorer
2015-04-29 14:21:03 weka.gui.explorer.Explorer <init>
INFO: (c) 1999-2014 The University of Waikato, Hamilton, New Zealand
2015-04-29 14:21:03 weka.gui.explorer.Explorer <init>
INFO: web: http://www.cs.waikato.ac.nz/~ml/weka/
2015-04-29 14:21:03 weka.gui.explorer.Explorer <init>
INFO: Started on Wednesday, 29 April 2015
2015-04-29 14:21:42 weka.gui.explorer.PreprocessPanel$15 run
INFO: Command: weka.filters.unsupervised.instance.RemovePercentage -P 30.0
2015-04-29 14:22:49 weka.gui.explorer.PreprocessPanel$15 run
INFO: Command: weka.filters.unsupervised.instance.RemovePercentage -P 30.0 -V
2015-04-29 14:24:27 weka.gui.explorer.ClassifierPanel$16 run
INFO: Started weka.classifiers.rules.OneR
2015-04-29 14:24:27 weka.gui.explorer.ClassifierPanel$16 run
INFO: Command:weka.classifiers.rules.OneR -B 6
2015-04-29 14:24:27 weka.gui.explorer.ClassifierPanel$16 run
INFO: Finished weka.classifiers.rules.OneR
2015-04-29 14:25:30 weka.gui.explorer.ClassifierPanel$16 run
INFO: Started weka.classifiers.rules.OneR
2015-04-29 14:25:30 weka.gui.explorer.ClassifierPanel$16 run
INFO: Command:weka.classifiers.rules.OneR -B 6
2015-04-29 14:25:30 weka.gui.explorer.ClassifierPanel$16 run
INFO: Finished weka.classifiers.rules.OneR
2015-04-29 14:27:39 weka.gui.explorer.AssociationsPanel$7 run
INFO: Started  weka.associations.Apriori
2015-04-29 14:27:39 weka.gui.explorer.AssociationsPanel$7 run
INFO: Command: weka.associations.Apriori -N 10 -T 0 -C 0.9 -D 0.05 -U 1.0 -M 0.1 -S -1.0 -A -c -1
2015-04-29 14:29:50 weka.gui.explorer.AssociationsPanel$7 run
INFO: Finished weka.associations.Apriori
2015-04-29 15:52:02 weka.gui.explorer.ClassifierPanel$16 run
INFO: Started weka.classifiers.rules.OneR
2015-04-29 15:52:02 weka.gui.explorer.ClassifierPanel$16 run
INFO: Command:weka.classifiers.rules.OneR -B 6
2015-04-29 15:52:02 weka.gui.explorer.ClassifierPanel$16 run
INFO: Finished weka.classifiers.rules.OneR
2015-04-29 15:52:14 weka.gui.explorer.ClassifierPanel$16 run
INFO: Started weka.classifiers.rules.OneR
2015-04-29 15:52:14 weka.gui.explorer.ClassifierPanel$16 run
INFO: Command:weka.classifiers.rules.OneR -B 6
2015-04-29 15:52:14 weka.gui.explorer.ClassifierPanel$16 run
INFO: Finished weka.classifiers.rules.OneR
